<?xml version="1.0" encoding="UTF-8"?>
<!-- Generated by org.testng.reporters.JUnitReportReporter -->
<testsuite hostname="DESKTOP-717DS2G" failures="0" tests="1" name="base.Basetest" time="16.951" errors="0" timestamp="2024-07-17T05:50:21 IST" skipped="0">
  <testcase classname="base.Basetest" name="logintoApplication" time="16.951"/>
</testsuite> <!-- base.Basetest -->
