<?xml version="1.0" encoding="UTF-8"?>
<!-- Generated by org.testng.reporters.JUnitReportReporter -->
<testsuite hostname="DESKTOP-717DS2G" failures="0" tests="1" name="Modules.ApplyLeave" time="2.270" errors="0" timestamp="2024-07-22T21:05:35 IST" skipped="0">
  <testcase classname="Modules.ApplyLeave" name="clickonapplyLeave" time="2.270"/>
</testsuite> <!-- Modules.ApplyLeave -->
