<?xml version="1.0" encoding="UTF-8"?>
<!-- Generated by org.testng.reporters.JUnitReportReporter -->
<testsuite hostname="DESKTOP-717DS2G" failures="0" tests="4" name="utils.ExtentreportConfiguration" time="2.672" errors="0" timestamp="2024-07-23T16:20:08 IST" skipped="0">
  <testcase classname="utils.ExtentreportConfiguration" name="reportconfiguration" time="1.335"/>
  <testcase classname="utils.ExtentreportConfiguration" name="testcase2" time="0.047"/>
  <testcase classname="utils.ExtentreportConfiguration" name="testcase1" time="0.008"/>
  <testcase classname="utils.ExtentreportConfiguration" name="closetheExtentReport" time="1.282"/>
</testsuite> <!-- utils.ExtentreportConfiguration -->
