<?xml version="1.0" encoding="UTF-8"?>
<!-- Generated by org.testng.reporters.JUnitReportReporter -->
<testsuite hostname="DESKTOP-717DS2G" failures="0" tests="1" name="Modules.timesheet" time="9.727" errors="0" timestamp="2024-07-22T21:01:48 IST" skipped="0">
  <testcase classname="Modules.timesheet" name="clickontimesheet" time="9.727"/>
</testsuite> <!-- Modules.timesheet -->
